--------------- Build Started: 02/07/2017 17:01:46 Project: LEDflicker, Configuration: ARM GCC 4.9-2015-q1-update Debug ---------------
cydsfit.exe -.appdatapath "C:\Users\localadmin\AppData\Local\Cypress Semiconductor\PSoC Creator\4.0" -.fdsnotice -.fdswarpdepfile=warp_dependencies.txt -.fdselabdepfile=elab_dependencies.txt -.fdsbldfile=generated_files.txt -.fdsreffile=referenced_files.txt -p C:\Users\localadmin\Documents\GitHub\LEDflicker\LEDflicker.cydsn\LEDflicker.cyprj -d CY8C5888LTI-LP097 -s C:\Users\localadmin\Documents\GitHub\LEDflicker\LEDflicker.cydsn\Generated_Source\PSoC5 -- -yv2 -q10 -ygs -o2 -v3 -.fftcfgtype=LE
Elaborating Design...
HDL Generation...
Synthesis...
Tech Mapping...
Analog Placement...
Analog Routing...
Analog Code Generation...
Digital Placement...
Digital Routing...
Bitstream Generation...
Bitstream Verification...
Static timing analysis...
API Generation...
Dependency Generation...
Cleanup...
arm-none-eabi-gcc.exe -mcpu=cortex-m3 -mthumb -I. -IGenerated_Source\PSoC5 -Wa,-alh=.\ARM_GCC_493\Debug/main.lst -g -Wall -ffunction-sections -O0 -ffat-lto-objects -c main.c -o .\ARM_GCC_493\Debug\main.o
arm-none-eabi-gcc.exe -mcpu=cortex-m3 -mthumb -I. -IGenerated_Source\PSoC5 -Wa,-alh=.\ARM_GCC_493\Debug/cyfitter_cfg.lst -g -Wall -ffunction-sections -O0 -ffat-lto-objects -c Generated_Source\PSoC5\cyfitter_cfg.c -o .\ARM_GCC_493\Debug\cyfitter_cfg.o
arm-none-eabi-gcc.exe -mcpu=cortex-m3 -mthumb -I. -IGenerated_Source\PSoC5 -Wa,-alh=.\ARM_GCC_493\Debug/cymetadata.lst -g -Wall -ffunction-sections -O0 -ffat-lto-objects -c Generated_Source\PSoC5\cymetadata.c -o .\ARM_GCC_493\Debug\cymetadata.o
arm-none-eabi-gcc.exe -mcpu=cortex-m3 -mthumb -I. -IGenerated_Source\PSoC5 -Wa,-alh=.\ARM_GCC_493\Debug/PrISM_1.lst -g -Wall -ffunction-sections -O0 -ffat-lto-objects -c Generated_Source\PSoC5\PrISM_1.c -o .\ARM_GCC_493\Debug\PrISM_1.o
arm-none-eabi-gcc.exe -mcpu=cortex-m3 -mthumb -I. -IGenerated_Source\PSoC5 -Wa,-alh=.\ARM_GCC_493\Debug/PrISM_1_PM.lst -g -Wall -ffunction-sections -O0 -ffat-lto-objects -c Generated_Source\PSoC5\PrISM_1_PM.c -o .\ARM_GCC_493\Debug\PrISM_1_PM.o
arm-none-eabi-gcc.exe -mcpu=cortex-m3 -mthumb -I. -IGenerated_Source\PSoC5 -Wa,-alh=.\ARM_GCC_493\Debug/Clock_1.lst -g -Wall -ffunction-sections -O0 -ffat-lto-objects -c Generated_Source\PSoC5\Clock_1.c -o .\ARM_GCC_493\Debug\Clock_1.o
arm-none-eabi-gcc.exe -mcpu=cortex-m3 -mthumb -I. -IGenerated_Source\PSoC5 -Wa,-alh=.\ARM_GCC_493\Debug/isr_Timer.lst -g -Wall -ffunction-sections -O0 -ffat-lto-objects -c Generated_Source\PSoC5\isr_Timer.c -o .\ARM_GCC_493\Debug\isr_Timer.o
arm-none-eabi-gcc.exe -mcpu=cortex-m3 -mthumb -I. -IGenerated_Source\PSoC5 -Wa,-alh=.\ARM_GCC_493\Debug/Cm3Start.lst -g -Wall -ffunction-sections -O0 -ffat-lto-objects -c Generated_Source\PSoC5\Cm3Start.c -o .\ARM_GCC_493\Debug\Cm3Start.o
arm-none-eabi-gcc.exe -mcpu=cortex-m3 -mthumb -I. -IGenerated_Source\PSoC5 -Wa,-alh=.\ARM_GCC_493\Debug/CyDmac.lst -g -Wall -ffunction-sections -O0 -ffat-lto-objects -c Generated_Source\PSoC5\CyDmac.c -o .\ARM_GCC_493\Debug\CyDmac.o
arm-none-eabi-gcc.exe -mcpu=cortex-m3 -mthumb -I. -IGenerated_Source\PSoC5 -Wa,-alh=.\ARM_GCC_493\Debug/CyFlash.lst -g -Wall -ffunction-sections -O0 -ffat-lto-objects -c Generated_Source\PSoC5\CyFlash.c -o .\ARM_GCC_493\Debug\CyFlash.o
arm-none-eabi-gcc.exe -mcpu=cortex-m3 -mthumb -I. -IGenerated_Source\PSoC5 -Wa,-alh=.\ARM_GCC_493\Debug/CyLib.lst -g -Wall -ffunction-sections -O0 -ffat-lto-objects -c Generated_Source\PSoC5\CyLib.c -o .\ARM_GCC_493\Debug\CyLib.o
arm-none-eabi-gcc.exe -mcpu=cortex-m3 -mthumb -I. -IGenerated_Source\PSoC5 -Wa,-alh=.\ARM_GCC_493\Debug/cyPm.lst -g -Wall -ffunction-sections -O0 -ffat-lto-objects -c Generated_Source\PSoC5\cyPm.c -o .\ARM_GCC_493\Debug\cyPm.o
arm-none-eabi-gcc.exe -mcpu=cortex-m3 -mthumb -I. -IGenerated_Source\PSoC5 -Wa,-alh=.\ARM_GCC_493\Debug/CySpc.lst -g -Wall -ffunction-sections -O0 -ffat-lto-objects -c Generated_Source\PSoC5\CySpc.c -o .\ARM_GCC_493\Debug\CySpc.o
arm-none-eabi-gcc.exe -mcpu=cortex-m3 -mthumb -I. -IGenerated_Source\PSoC5 -Wa,-alh=.\ARM_GCC_493\Debug/cyutils.lst -g -Wall -ffunction-sections -O0 -ffat-lto-objects -c Generated_Source\PSoC5\cyutils.c -o .\ARM_GCC_493\Debug\cyutils.o
arm-none-eabi-as.exe -mcpu=cortex-m3 -mthumb -I. -IGenerated_Source\PSoC5 -alh=.\ARM_GCC_493\Debug/CyBootAsmGnu.lst -g -o .\ARM_GCC_493\Debug\CyBootAsmGnu.o Generated_Source\PSoC5\CyBootAsmGnu.s
arm-none-eabi-ar.exe -rs .\ARM_GCC_493\Debug\LEDflicker.a .\ARM_GCC_493\Debug\cyfitter_cfg.o .\ARM_GCC_493\Debug\PrISM_1.o .\ARM_GCC_493\Debug\PrISM_1_PM.o .\ARM_GCC_493\Debug\Clock_1.o .\ARM_GCC_493\Debug\isr_Timer.o .\ARM_GCC_493\Debug\CyDmac.o .\ARM_GCC_493\Debug\CyFlash.o .\ARM_GCC_493\Debug\CyLib.o .\ARM_GCC_493\Debug\cyPm.o .\ARM_GCC_493\Debug\CySpc.o .\ARM_GCC_493\Debug\cyutils.o .\ARM_GCC_493\Debug\CyBootAsmGnu.o
arm-none-eabi-ar.exe: creating .\ARM_GCC_493\Debug\LEDflicker.a
arm-none-eabi-gcc.exe -Wl,--start-group -o .\ARM_GCC_493\Debug\LEDflicker.elf .\ARM_GCC_493\Debug\main.o .\ARM_GCC_493\Debug\cymetadata.o .\ARM_GCC_493\Debug\Cm3Start.o .\ARM_GCC_493\Debug\LEDflicker.a "C:\Program Files (x86)\Cypress\PSoC Creator\4.0\PSoC Creator\psoc\content\cycomponentlibrary\CyComponentLibrary.cylib\CortexM3\ARM_GCC_493\Debug\CyComponentLibrary.a" -mcpu=cortex-m3 -mthumb -g -ffunction-sections -O0 -ffat-lto-objects -L Generated_Source\PSoC5 -Wl,-Map,.\ARM_GCC_493\Debug/LEDflicker.map -T C:\Users\localadmin\Documents\GitHub\LEDflicker\LEDflicker.cydsn\Generated_Source\PSoC5\cm3gcc.ld -specs=nano.specs -Wl,--gc-sections -Wl,--end-group
cyelftool.exe -C C:\Users\localadmin\Documents\GitHub\LEDflicker\LEDflicker.cydsn\ARM_GCC_493\Debug\LEDflicker.elf --flash_row_size 256 --flash_size 262144
cyelftool.exe -S C:\Users\localadmin\Documents\GitHub\LEDflicker\LEDflicker.cydsn\ARM_GCC_493\Debug\LEDflicker.elf
Flash used: 2286 of 262144 bytes (0.9%).
SRAM used: 2573 of 65536 bytes (3.9%). Stack: 2048 bytes. Heap: 128 bytes.
--------------- Build Succeeded: 02/07/2017 17:02:03 ---------------
