--------------- Clean Started: 02/07/2017 17:14:10 Project: LEDflicker, Configuration: ARM GCC 4.9-2015-q1-update Debug ---------------
Deleting file ".\ARM_GCC_493\Debug\main.o"
Deleting file ".\ARM_GCC_493\Debug\cyfitter_cfg.o"
Deleting file ".\ARM_GCC_493\Debug\cymetadata.o"
Deleting file ".\ARM_GCC_493\Debug\PrISM_1.o"
Deleting file ".\ARM_GCC_493\Debug\PrISM_1_PM.o"
Deleting file ".\ARM_GCC_493\Debug\Clock_1.o"
Deleting file ".\ARM_GCC_493\Debug\isr_Timer.o"
Deleting file ".\ARM_GCC_493\Debug\Cm3Start.o"
Deleting file ".\ARM_GCC_493\Debug\CyBootAsmGnu.o"
Deleting file ".\ARM_GCC_493\Debug\CyDmac.o"
Deleting file ".\ARM_GCC_493\Debug\CyFlash.o"
Deleting file ".\ARM_GCC_493\Debug\CyLib.o"
Deleting file ".\ARM_GCC_493\Debug\cyPm.o"
Deleting file ".\ARM_GCC_493\Debug\CySpc.o"
Deleting file ".\ARM_GCC_493\Debug\cyutils.o"
Deleting file ".\ARM_GCC_493\Debug\LEDflicker.hex"
Deleting file ".\ARM_GCC_493\Debug\LEDflicker.elf"
Deleting file ".\ARM_GCC_493\Debug\LEDflicker.map"
Deleting file ".\LEDflicker.cycdx"
Deleting file ".\LEDflicker.svd"
Deleting file ".\LEDflicker.rpt"
Deleting file ".\LEDflicker_timing.html"
Deleting file ".\ARM_GCC_493\Debug\.deps\SOURCE_C__ARM_GCC_GENERIC.P"
Deleting file ".\ARM_GCC_493\Debug\.deps\SOURCE_ASM__ARM_GCC_GENERIC.P"
--------------- Clean Succeeded: 02/07/2017 17:14:10 ---------------
