ARM GAS  C:\Users\LOCALA~1\AppData\Local\Temp\ccL7BeHW.s 			page 1


   1              		.syntax unified
   2              		.cpu cortex-m3
   3              		.fpu softvfp
   4              		.eabi_attribute 20, 1
   5              		.eabi_attribute 21, 1
   6              		.eabi_attribute 23, 3
   7              		.eabi_attribute 24, 1
   8              		.eabi_attribute 25, 1
   9              		.eabi_attribute 26, 1
  10              		.eabi_attribute 30, 6
  11              		.eabi_attribute 34, 1
  12              		.eabi_attribute 18, 4
  13              		.thumb
  14              		.file	"cymetadata.c"
  15              		.text
  16              	.Ltext0:
  17              		.cfi_sections	.debug_frame
  18              		.global	cy_meta_configecc
  19              		.section	.cyconfigecc,"a",%progbits
  20              		.align	2
  21              		.type	cy_meta_configecc, %object
  22              		.size	cy_meta_configecc, 296
  23              	cy_meta_configecc:
  24 0000 02       		.byte	2
  25 0001 52       		.byte	82
  26 0002 00       		.byte	0
  27 0003 40       		.byte	64
  28 0004 01       		.byte	1
  29 0005 01       		.byte	1
  30 0006 01       		.byte	1
  31 0007 40       		.byte	64
  32 0008 01       		.byte	1
  33 0009 05       		.byte	5
  34 000a 01       		.byte	1
  35 000b 40       		.byte	64
  36 000c 02       		.byte	2
  37 000d 09       		.byte	9
  38 000e 01       		.byte	1
  39 000f 40       		.byte	64
  40 0010 29       		.byte	41
  41 0011 0A       		.byte	10
  42 0012 01       		.byte	1
  43 0013 40       		.byte	64
  44 0014 1E       		.byte	30
  45 0015 0B       		.byte	11
  46 0016 01       		.byte	1
  47 0017 40       		.byte	64
  48 0018 01       		.byte	1
  49 0019 0D       		.byte	13
  50 001a 01       		.byte	1
  51 001b 40       		.byte	64
  52 001c 02       		.byte	2
  53 001d 0F       		.byte	15
  54 001e 01       		.byte	1
  55 001f 40       		.byte	64
  56 0020 03       		.byte	3
  57 0021 40       		.byte	64
ARM GAS  C:\Users\LOCALA~1\AppData\Local\Temp\ccL7BeHW.s 			page 2


  58 0022 01       		.byte	1
  59 0023 40       		.byte	64
  60 0024 02       		.byte	2
  61 0025 41       		.byte	65
  62 0026 01       		.byte	1
  63 0027 40       		.byte	64
  64 0028 01       		.byte	1
  65 0029 42       		.byte	66
  66 002a 01       		.byte	1
  67 002b 40       		.byte	64
  68 002c 02       		.byte	2
  69 002d 45       		.byte	69
  70 002e 01       		.byte	1
  71 002f 40       		.byte	64
  72 0030 01       		.byte	1
  73 0031 46       		.byte	70
  74 0032 01       		.byte	1
  75 0033 40       		.byte	64
  76 0034 03       		.byte	3
  77 0035 47       		.byte	71
  78 0036 01       		.byte	1
  79 0037 40       		.byte	64
  80 0038 03       		.byte	3
  81 0039 4C       		.byte	76
  82 003a 01       		.byte	1
  83 003b 40       		.byte	64
  84 003c 04       		.byte	4
  85 003d 50       		.byte	80
  86 003e 01       		.byte	1
  87 003f 40       		.byte	64
  88 0040 01       		.byte	1
  89 0041 51       		.byte	81
  90 0042 01       		.byte	1
  91 0043 40       		.byte	64
  92 0044 08       		.byte	8
  93 0045 80       		.byte	-128
  94 0046 09       		.byte	9
  95 0047 80       		.byte	-128
  96 0048 E6       		.byte	-26
  97 0049 20       		.byte	32
  98 004a EC       		.byte	-20
  99 004b 40       		.byte	64
 100 004c B0       		.byte	-80
 101 004d 10       		.byte	16
 102 004e B2       		.byte	-78
 103 004f 04       		.byte	4
 104 0050 56       		.byte	86
 105 0051 08       		.byte	8
 106 0052 5B       		.byte	91
 107 0053 04       		.byte	4
 108 0054 5D       		.byte	93
 109 0055 90       		.byte	-112
 110 0056 84       		.byte	-124
 111 0057 06       		.byte	6
 112 0058 86       		.byte	-122
 113 0059 01       		.byte	1
 114 005a 8A       		.byte	-118
ARM GAS  C:\Users\LOCALA~1\AppData\Local\Temp\ccL7BeHW.s 			page 3


 115 005b 20       		.byte	32
 116 005c 93       		.byte	-109
 117 005d 01       		.byte	1
 118 005e 9E       		.byte	-98
 119 005f 3F       		.byte	63
 120 0060 A0       		.byte	-96
 121 0061 30       		.byte	48
 122 0062 A2       		.byte	-94
 123 0063 08       		.byte	8
 124 0064 A4       		.byte	-92
 125 0065 01       		.byte	1
 126 0066 A6       		.byte	-90
 127 0067 02       		.byte	2
 128 0068 A8       		.byte	-88
 129 0069 08       		.byte	8
 130 006a AA       		.byte	-86
 131 006b 10       		.byte	16
 132 006c AE       		.byte	-82
 133 006d 04       		.byte	4
 134 006e B2       		.byte	-78
 135 006f 38       		.byte	56
 136 0070 B4       		.byte	-76
 137 0071 07       		.byte	7
 138 0072 B5       		.byte	-75
 139 0073 01       		.byte	1
 140 0074 B8       		.byte	-72
 141 0075 80       		.byte	-128
 142 0076 BE       		.byte	-66
 143 0077 40       		.byte	64
 144 0078 C0       		.byte	-64
 145 0079 01       		.byte	1
 146 007a C5       		.byte	-59
 147 007b 50       		.byte	80
 148 007c C6       		.byte	-58
 149 007d 13       		.byte	19
 150 007e C7       		.byte	-57
 151 007f 04       		.byte	4
 152 0080 C8       		.byte	-56
 153 0081 3A       		.byte	58
 154 0082 C9       		.byte	-55
 155 0083 FF       		.byte	-1
 156 0084 CA       		.byte	-54
 157 0085 FF       		.byte	-1
 158 0086 CB       		.byte	-53
 159 0087 FF       		.byte	-1
 160 0088 CC       		.byte	-52
 161 0089 02       		.byte	2
 162 008a CD       		.byte	-51
 163 008b 20       		.byte	32
 164 008c CE       		.byte	-50
 165 008d F0       		.byte	-16
 166 008e D2       		.byte	-46
 167 008f 07       		.byte	7
 168 0090 D8       		.byte	-40
 169 0091 0E       		.byte	14
 170 0092 D9       		.byte	-39
 171 0093 04       		.byte	4
ARM GAS  C:\Users\LOCALA~1\AppData\Local\Temp\ccL7BeHW.s 			page 4


 172 0094 DA       		.byte	-38
 173 0095 0E       		.byte	14
 174 0096 DB       		.byte	-37
 175 0097 04       		.byte	4
 176 0098 DF       		.byte	-33
 177 0099 01       		.byte	1
 178 009a E2       		.byte	-30
 179 009b 48       		.byte	72
 180 009c E3       		.byte	-29
 181 009d AD       		.byte	-83
 182 009e E4       		.byte	-28
 183 009f C0       		.byte	-64
 184 00a0 E6       		.byte	-26
 185 00a1 C0       		.byte	-64
 186 00a2 06       		.byte	6
 187 00a3 14       		.byte	20
 188 00a4 0F       		.byte	15
 189 00a5 02       		.byte	2
 190 00a6 15       		.byte	21
 191 00a7 01       		.byte	1
 192 00a8 16       		.byte	22
 193 00a9 01       		.byte	1
 194 00aa 17       		.byte	23
 195 00ab 14       		.byte	20
 196 00ac 1C       		.byte	28
 197 00ad 20       		.byte	32
 198 00ae 1D       		.byte	29
 199 00af 80       		.byte	-128
 200 00b0 1E       		.byte	30
 201 00b1 04       		.byte	4
 202 00b2 26       		.byte	38
 203 00b3 20       		.byte	32
 204 00b4 37       		.byte	55
 205 00b5 01       		.byte	1
 206 00b6 45       		.byte	69
 207 00b7 80       		.byte	-128
 208 00b8 4D       		.byte	77
 209 00b9 01       		.byte	1
 210 00ba 55       		.byte	85
 211 00bb 40       		.byte	64
 212 00bc 56       		.byte	86
 213 00bd 15       		.byte	21
 214 00be 5A       		.byte	90
 215 00bf 40       		.byte	64
 216 00c0 63       		.byte	99
 217 00c1 02       		.byte	2
 218 00c2 6F       		.byte	111
 219 00c3 15       		.byte	21
 220 00c4 7E       		.byte	126
 221 00c5 20       		.byte	32
 222 00c6 92       		.byte	-110
 223 00c7 40       		.byte	64
 224 00c8 A5       		.byte	-91
 225 00c9 40       		.byte	64
 226 00ca B6       		.byte	-74
 227 00cb 40       		.byte	64
 228 00cc C0       		.byte	-64
ARM GAS  C:\Users\LOCALA~1\AppData\Local\Temp\ccL7BeHW.s 			page 5


 229 00cd 60       		.byte	96
 230 00ce C2       		.byte	-62
 231 00cf 80       		.byte	-128
 232 00d0 C4       		.byte	-60
 233 00d1 F0       		.byte	-16
 234 00d2 CC       		.byte	-52
 235 00d3 80       		.byte	-128
 236 00d4 D0       		.byte	-48
 237 00d5 10       		.byte	16
 238 00d6 D6       		.byte	-42
 239 00d7 08       		.byte	8
 240 00d8 D8       		.byte	-40
 241 00d9 08       		.byte	8
 242 00da DE       		.byte	-34
 243 00db 40       		.byte	64
 244 00dc EC       		.byte	-20
 245 00dd 40       		.byte	64
 246 00de A5       		.byte	-91
 247 00df 40       		.byte	64
 248 00e0 89       		.byte	-119
 249 00e1 40       		.byte	64
 250 00e2 E6       		.byte	-26
 251 00e3 20       		.byte	32
 252 00e4 30       		.byte	48
 253 00e5 20       		.byte	32
 254 00e6 88       		.byte	-120
 255 00e7 20       		.byte	32
 256 00e8 CC       		.byte	-52
 257 00e9 10       		.byte	16
 258 00ea 03       		.byte	3
 259 00eb 10       		.byte	16
 260 00ec C0       		.byte	-64
 261 00ed 10       		.byte	16
 262 00ee B7       		.byte	-73
 263 00ef 10       		.byte	16
 264 00f0 50       		.byte	80
 265 00f1 20       		.byte	32
 266 00f2 D4       		.byte	-44
 267 00f3 04       		.byte	4
 268 00f4 A4       		.byte	-92
 269 00f5 20       		.byte	32
 270 00f6 98       		.byte	-104
 271 00f7 04       		.byte	4
 272 00f8 B0       		.byte	-80
 273 00f9 24       		.byte	36
 274 00fa EC       		.byte	-20
 275 00fb 05       		.byte	5
 276 00fc 64       		.byte	100
 277 00fd 04       		.byte	4
 278 00fe 98       		.byte	-104
 279 00ff 04       		.byte	4
 280 0100 D8       		.byte	-40
 281 0101 01       		.byte	1
 282 0102 00       		.byte	0
 283 0103 01       		.byte	1
 284 0104 01       		.byte	1
 285 0105 01       		.byte	1
ARM GAS  C:\Users\LOCALA~1\AppData\Local\Temp\ccL7BeHW.s 			page 6


 286 0106 0C       		.byte	12
 287 0107 01       		.byte	1
 288 0108 0D       		.byte	13
 289 0109 01       		.byte	1
 290 010a 00       		.byte	0
 291 010b 03       		.byte	3
 292 010c 01       		.byte	1
 293 010d 00       		.byte	0
 294 010e 00       		.byte	0
 295 010f 01       		.byte	1
 296 0110 00       		.byte	0
 297 0111 00       		.byte	0
 298 0112 00       		.byte	0
 299 0113 00       		.byte	0
 300 0114 00       		.byte	0
 301 0115 00       		.byte	0
 302 0116 00       		.byte	0
 303 0117 00       		.byte	0
 304 0118 00       		.byte	0
 305 0119 8B       		.byte	-117
 306 011a 8B       		.byte	-117
 307 011b 00       		.byte	0
 308 011c 80       		.byte	-128
 309 011d 00       		.byte	0
 310 011e 00       		.byte	0
 311 011f 00       		.byte	0
 312 0120 00       		.byte	0
 313 0121 02       		.byte	2
 314 0122 02       		.byte	2
 315 0123 00       		.byte	0
 316 0124 02       		.byte	2
 317 0125 00       		.byte	0
 318 0126 00       		.byte	0
 319 0127 00       		.byte	0
 320              		.global	cy_meta_custnvl
 321              		.section	.cycustnvl,"a",%progbits
 322              		.align	2
 323              		.type	cy_meta_custnvl, %object
 324              		.size	cy_meta_custnvl, 4
 325              	cy_meta_custnvl:
 326 0000 00       		.byte	0
 327 0001 00       		.byte	0
 328 0002 40       		.byte	64
 329 0003 05       		.byte	5
 330              		.global	cy_meta_wonvl
 331              		.section	.cywolatch,"a",%progbits
 332              		.align	2
 333              		.type	cy_meta_wonvl, %object
 334              		.size	cy_meta_wonvl, 4
 335              	cy_meta_wonvl:
 336 0000 BC       		.byte	-68
 337 0001 90       		.byte	-112
 338 0002 AC       		.byte	-84
 339 0003 AF       		.byte	-81
 340              		.global	cy_meta_flashprotect
 341              		.section	.cyflashprotect,"a",%progbits
 342              		.align	2
ARM GAS  C:\Users\LOCALA~1\AppData\Local\Temp\ccL7BeHW.s 			page 7


 343              		.type	cy_meta_flashprotect, %object
 344              		.size	cy_meta_flashprotect, 256
 345              	cy_meta_flashprotect:
 346 0000 00000000 		.space	256
 346      00000000 
 346      00000000 
 346      00000000 
 346      00000000 
 347              		.global	cy_metadata
 348              		.section	.cymeta,"a",%progbits
 349              		.align	2
 350              		.type	cy_metadata, %object
 351              		.size	cy_metadata, 12
 352              	cy_metadata:
 353 0000 00       		.byte	0
 354 0001 01       		.byte	1
 355 0002 2E       		.byte	46
 356 0003 16       		.byte	22
 357 0004 10       		.byte	16
 358 0005 69       		.byte	105
 359 0006 00       		.byte	0
 360 0007 01       		.byte	1
 361 0008 00       		.byte	0
 362 0009 00       		.byte	0
 363 000a 00       		.byte	0
 364 000b 00       		.byte	0
 365              		.text
 366              	.Letext0:
 367              		.file 1 "Generated_Source\\PSoC5\\cymetadata.c"
 368              		.file 2 "Generated_Source\\PSoC5\\cytypes.h"
 369              		.section	.debug_info,"",%progbits
 370              	.Ldebug_info0:
 371 0000 37010000 		.4byte	0x137
 372 0004 0400     		.2byte	0x4
 373 0006 00000000 		.4byte	.Ldebug_abbrev0
 374 000a 04       		.byte	0x4
 375 000b 01       		.uleb128 0x1
 376 000c 41000000 		.4byte	.LASF18
 377 0010 01       		.byte	0x1
 378 0011 C5010000 		.4byte	.LASF19
 379 0015 00000000 		.4byte	.LASF20
 380 0019 00000000 		.4byte	.Ldebug_line0
 381 001d 02       		.uleb128 0x2
 382 001e 01       		.byte	0x1
 383 001f 06       		.byte	0x6
 384 0020 B9010000 		.4byte	.LASF0
 385 0024 02       		.uleb128 0x2
 386 0025 01       		.byte	0x1
 387 0026 08       		.byte	0x8
 388 0027 E1000000 		.4byte	.LASF1
 389 002b 02       		.uleb128 0x2
 390 002c 02       		.byte	0x2
 391 002d 05       		.byte	0x5
 392 002e A0010000 		.4byte	.LASF2
 393 0032 02       		.uleb128 0x2
 394 0033 02       		.byte	0x2
 395 0034 07       		.byte	0x7
ARM GAS  C:\Users\LOCALA~1\AppData\Local\Temp\ccL7BeHW.s 			page 8


 396 0035 01010000 		.4byte	.LASF3
 397 0039 02       		.uleb128 0x2
 398 003a 04       		.byte	0x4
 399 003b 05       		.byte	0x5
 400 003c B0010000 		.4byte	.LASF4
 401 0040 02       		.uleb128 0x2
 402 0041 04       		.byte	0x4
 403 0042 07       		.byte	0x7
 404 0043 EF000000 		.4byte	.LASF5
 405 0047 02       		.uleb128 0x2
 406 0048 08       		.byte	0x8
 407 0049 05       		.byte	0x5
 408 004a 8D010000 		.4byte	.LASF6
 409 004e 02       		.uleb128 0x2
 410 004f 08       		.byte	0x8
 411 0050 07       		.byte	0x7
 412 0051 4A010000 		.4byte	.LASF7
 413 0055 03       		.uleb128 0x3
 414 0056 04       		.byte	0x4
 415 0057 05       		.byte	0x5
 416 0058 696E7400 		.ascii	"int\000"
 417 005c 02       		.uleb128 0x2
 418 005d 04       		.byte	0x4
 419 005e 07       		.byte	0x7
 420 005f 3D010000 		.4byte	.LASF8
 421 0063 04       		.uleb128 0x4
 422 0064 AA010000 		.4byte	.LASF21
 423 0068 02       		.byte	0x2
 424 0069 9201     		.2byte	0x192
 425 006b 24000000 		.4byte	0x24
 426 006f 02       		.uleb128 0x2
 427 0070 04       		.byte	0x4
 428 0071 04       		.byte	0x4
 429 0072 DB000000 		.4byte	.LASF9
 430 0076 02       		.uleb128 0x2
 431 0077 08       		.byte	0x8
 432 0078 04       		.byte	0x4
 433 0079 14010000 		.4byte	.LASF10
 434 007d 02       		.uleb128 0x2
 435 007e 01       		.byte	0x1
 436 007f 08       		.byte	0x8
 437 0080 9B010000 		.4byte	.LASF11
 438 0084 05       		.uleb128 0x5
 439 0085 63000000 		.4byte	0x63
 440 0089 95000000 		.4byte	0x95
 441 008d 06       		.uleb128 0x6
 442 008e 95000000 		.4byte	0x95
 443 0092 2701     		.2byte	0x127
 444 0094 00       		.byte	0
 445 0095 02       		.uleb128 0x2
 446 0096 04       		.byte	0x4
 447 0097 07       		.byte	0x7
 448 0098 84010000 		.4byte	.LASF12
 449 009c 07       		.uleb128 0x7
 450 009d 2B010000 		.4byte	.LASF13
 451 00a1 01       		.byte	0x1
 452 00a2 1F       		.byte	0x1f
ARM GAS  C:\Users\LOCALA~1\AppData\Local\Temp\ccL7BeHW.s 			page 9


 453 00a3 AD000000 		.4byte	0xad
 454 00a7 05       		.uleb128 0x5
 455 00a8 03       		.byte	0x3
 456 00a9 00000000 		.4byte	cy_meta_configecc
 457 00ad 08       		.uleb128 0x8
 458 00ae 84000000 		.4byte	0x84
 459 00b2 05       		.uleb128 0x5
 460 00b3 63000000 		.4byte	0x63
 461 00b7 C2000000 		.4byte	0xc2
 462 00bb 09       		.uleb128 0x9
 463 00bc 95000000 		.4byte	0x95
 464 00c0 03       		.byte	0x3
 465 00c1 00       		.byte	0
 466 00c2 07       		.uleb128 0x7
 467 00c3 1B010000 		.4byte	.LASF14
 468 00c7 01       		.byte	0x1
 469 00c8 51       		.byte	0x51
 470 00c9 D3000000 		.4byte	0xd3
 471 00cd 05       		.uleb128 0x5
 472 00ce 03       		.byte	0x3
 473 00cf 00000000 		.4byte	cy_meta_custnvl
 474 00d3 08       		.uleb128 0x8
 475 00d4 B2000000 		.4byte	0xb2
 476 00d8 07       		.uleb128 0x7
 477 00d9 76010000 		.4byte	.LASF15
 478 00dd 01       		.byte	0x1
 479 00de 5F       		.byte	0x5f
 480 00df E9000000 		.4byte	0xe9
 481 00e3 05       		.uleb128 0x5
 482 00e4 03       		.byte	0x3
 483 00e5 00000000 		.4byte	cy_meta_wonvl
 484 00e9 08       		.uleb128 0x8
 485 00ea B2000000 		.4byte	0xb2
 486 00ee 05       		.uleb128 0x5
 487 00ef 63000000 		.4byte	0x63
 488 00f3 FE000000 		.4byte	0xfe
 489 00f7 09       		.uleb128 0x9
 490 00f8 95000000 		.4byte	0x95
 491 00fc FF       		.byte	0xff
 492 00fd 00       		.byte	0
 493 00fe 07       		.uleb128 0x7
 494 00ff 61010000 		.4byte	.LASF16
 495 0103 01       		.byte	0x1
 496 0104 6D       		.byte	0x6d
 497 0105 0F010000 		.4byte	0x10f
 498 0109 05       		.uleb128 0x5
 499 010a 03       		.byte	0x3
 500 010b 00000000 		.4byte	cy_meta_flashprotect
 501 010f 08       		.uleb128 0x8
 502 0110 EE000000 		.4byte	0xee
 503 0114 05       		.uleb128 0x5
 504 0115 63000000 		.4byte	0x63
 505 0119 24010000 		.4byte	0x124
 506 011d 09       		.uleb128 0x9
 507 011e 95000000 		.4byte	0x95
 508 0122 0B       		.byte	0xb
 509 0123 00       		.byte	0
ARM GAS  C:\Users\LOCALA~1\AppData\Local\Temp\ccL7BeHW.s 			page 10


 510 0124 07       		.uleb128 0x7
 511 0125 CF000000 		.4byte	.LASF17
 512 0129 01       		.byte	0x1
 513 012a 9A       		.byte	0x9a
 514 012b 35010000 		.4byte	0x135
 515 012f 05       		.uleb128 0x5
 516 0130 03       		.byte	0x3
 517 0131 00000000 		.4byte	cy_metadata
 518 0135 08       		.uleb128 0x8
 519 0136 14010000 		.4byte	0x114
 520 013a 00       		.byte	0
 521              		.section	.debug_abbrev,"",%progbits
 522              	.Ldebug_abbrev0:
 523 0000 01       		.uleb128 0x1
 524 0001 11       		.uleb128 0x11
 525 0002 01       		.byte	0x1
 526 0003 25       		.uleb128 0x25
 527 0004 0E       		.uleb128 0xe
 528 0005 13       		.uleb128 0x13
 529 0006 0B       		.uleb128 0xb
 530 0007 03       		.uleb128 0x3
 531 0008 0E       		.uleb128 0xe
 532 0009 1B       		.uleb128 0x1b
 533 000a 0E       		.uleb128 0xe
 534 000b 10       		.uleb128 0x10
 535 000c 17       		.uleb128 0x17
 536 000d 00       		.byte	0
 537 000e 00       		.byte	0
 538 000f 02       		.uleb128 0x2
 539 0010 24       		.uleb128 0x24
 540 0011 00       		.byte	0
 541 0012 0B       		.uleb128 0xb
 542 0013 0B       		.uleb128 0xb
 543 0014 3E       		.uleb128 0x3e
 544 0015 0B       		.uleb128 0xb
 545 0016 03       		.uleb128 0x3
 546 0017 0E       		.uleb128 0xe
 547 0018 00       		.byte	0
 548 0019 00       		.byte	0
 549 001a 03       		.uleb128 0x3
 550 001b 24       		.uleb128 0x24
 551 001c 00       		.byte	0
 552 001d 0B       		.uleb128 0xb
 553 001e 0B       		.uleb128 0xb
 554 001f 3E       		.uleb128 0x3e
 555 0020 0B       		.uleb128 0xb
 556 0021 03       		.uleb128 0x3
 557 0022 08       		.uleb128 0x8
 558 0023 00       		.byte	0
 559 0024 00       		.byte	0
 560 0025 04       		.uleb128 0x4
 561 0026 16       		.uleb128 0x16
 562 0027 00       		.byte	0
 563 0028 03       		.uleb128 0x3
 564 0029 0E       		.uleb128 0xe
 565 002a 3A       		.uleb128 0x3a
 566 002b 0B       		.uleb128 0xb
ARM GAS  C:\Users\LOCALA~1\AppData\Local\Temp\ccL7BeHW.s 			page 11


 567 002c 3B       		.uleb128 0x3b
 568 002d 05       		.uleb128 0x5
 569 002e 49       		.uleb128 0x49
 570 002f 13       		.uleb128 0x13
 571 0030 00       		.byte	0
 572 0031 00       		.byte	0
 573 0032 05       		.uleb128 0x5
 574 0033 01       		.uleb128 0x1
 575 0034 01       		.byte	0x1
 576 0035 49       		.uleb128 0x49
 577 0036 13       		.uleb128 0x13
 578 0037 01       		.uleb128 0x1
 579 0038 13       		.uleb128 0x13
 580 0039 00       		.byte	0
 581 003a 00       		.byte	0
 582 003b 06       		.uleb128 0x6
 583 003c 21       		.uleb128 0x21
 584 003d 00       		.byte	0
 585 003e 49       		.uleb128 0x49
 586 003f 13       		.uleb128 0x13
 587 0040 2F       		.uleb128 0x2f
 588 0041 05       		.uleb128 0x5
 589 0042 00       		.byte	0
 590 0043 00       		.byte	0
 591 0044 07       		.uleb128 0x7
 592 0045 34       		.uleb128 0x34
 593 0046 00       		.byte	0
 594 0047 03       		.uleb128 0x3
 595 0048 0E       		.uleb128 0xe
 596 0049 3A       		.uleb128 0x3a
 597 004a 0B       		.uleb128 0xb
 598 004b 3B       		.uleb128 0x3b
 599 004c 0B       		.uleb128 0xb
 600 004d 49       		.uleb128 0x49
 601 004e 13       		.uleb128 0x13
 602 004f 3F       		.uleb128 0x3f
 603 0050 19       		.uleb128 0x19
 604 0051 02       		.uleb128 0x2
 605 0052 18       		.uleb128 0x18
 606 0053 00       		.byte	0
 607 0054 00       		.byte	0
 608 0055 08       		.uleb128 0x8
 609 0056 26       		.uleb128 0x26
 610 0057 00       		.byte	0
 611 0058 49       		.uleb128 0x49
 612 0059 13       		.uleb128 0x13
 613 005a 00       		.byte	0
 614 005b 00       		.byte	0
 615 005c 09       		.uleb128 0x9
 616 005d 21       		.uleb128 0x21
 617 005e 00       		.byte	0
 618 005f 49       		.uleb128 0x49
 619 0060 13       		.uleb128 0x13
 620 0061 2F       		.uleb128 0x2f
 621 0062 0B       		.uleb128 0xb
 622 0063 00       		.byte	0
 623 0064 00       		.byte	0
ARM GAS  C:\Users\LOCALA~1\AppData\Local\Temp\ccL7BeHW.s 			page 12


 624 0065 00       		.byte	0
 625              		.section	.debug_aranges,"",%progbits
 626 0000 14000000 		.4byte	0x14
 627 0004 0200     		.2byte	0x2
 628 0006 00000000 		.4byte	.Ldebug_info0
 629 000a 04       		.byte	0x4
 630 000b 00       		.byte	0
 631 000c 0000     		.2byte	0
 632 000e 0000     		.2byte	0
 633 0010 00000000 		.4byte	0
 634 0014 00000000 		.4byte	0
 635              		.section	.debug_line,"",%progbits
 636              	.Ldebug_line0:
 637 0000 4D000000 		.section	.debug_str,"MS",%progbits,1
 637      02004700 
 637      00000201 
 637      FB0E0D00 
 637      01010101 
 638              	.LASF20:
 639 0000 433A5C55 		.ascii	"C:\\Users\\localadmin\\Documents\\GitHub\\LEDflicke"
 639      73657273 
 639      5C6C6F63 
 639      616C6164 
 639      6D696E5C 
 640 002e 725C4C45 		.ascii	"r\\LEDflicker.cydsn\000"
 640      44666C69 
 640      636B6572 
 640      2E637964 
 640      736E00
 641              	.LASF18:
 642 0041 474E5520 		.ascii	"GNU C 4.9.3 20150303 (release) [ARM/embedded-4_9-br"
 642      4320342E 
 642      392E3320 
 642      32303135 
 642      30333033 
 643 0074 616E6368 		.ascii	"anch revision 221220] -mcpu=cortex-m3 -mthumb -g -O"
 643      20726576 
 643      6973696F 
 643      6E203232 
 643      31323230 
 644 00a7 30202D66 		.ascii	"0 -ffunction-sections -ffat-lto-objects\000"
 644      66756E63 
 644      74696F6E 
 644      2D736563 
 644      74696F6E 
 645              	.LASF17:
 646 00cf 63795F6D 		.ascii	"cy_metadata\000"
 646      65746164 
 646      61746100 
 647              	.LASF9:
 648 00db 666C6F61 		.ascii	"float\000"
 648      7400
 649              	.LASF1:
 650 00e1 756E7369 		.ascii	"unsigned char\000"
 650      676E6564 
 650      20636861 
 650      7200
ARM GAS  C:\Users\LOCALA~1\AppData\Local\Temp\ccL7BeHW.s 			page 13


 651              	.LASF5:
 652 00ef 6C6F6E67 		.ascii	"long unsigned int\000"
 652      20756E73 
 652      69676E65 
 652      6420696E 
 652      7400
 653              	.LASF3:
 654 0101 73686F72 		.ascii	"short unsigned int\000"
 654      7420756E 
 654      7369676E 
 654      65642069 
 654      6E7400
 655              	.LASF10:
 656 0114 646F7562 		.ascii	"double\000"
 656      6C6500
 657              	.LASF14:
 658 011b 63795F6D 		.ascii	"cy_meta_custnvl\000"
 658      6574615F 
 658      63757374 
 658      6E766C00 
 659              	.LASF13:
 660 012b 63795F6D 		.ascii	"cy_meta_configecc\000"
 660      6574615F 
 660      636F6E66 
 660      69676563 
 660      6300
 661              	.LASF8:
 662 013d 756E7369 		.ascii	"unsigned int\000"
 662      676E6564 
 662      20696E74 
 662      00
 663              	.LASF7:
 664 014a 6C6F6E67 		.ascii	"long long unsigned int\000"
 664      206C6F6E 
 664      6720756E 
 664      7369676E 
 664      65642069 
 665              	.LASF16:
 666 0161 63795F6D 		.ascii	"cy_meta_flashprotect\000"
 666      6574615F 
 666      666C6173 
 666      6870726F 
 666      74656374 
 667              	.LASF15:
 668 0176 63795F6D 		.ascii	"cy_meta_wonvl\000"
 668      6574615F 
 668      776F6E76 
 668      6C00
 669              	.LASF12:
 670 0184 73697A65 		.ascii	"sizetype\000"
 670      74797065 
 670      00
 671              	.LASF6:
 672 018d 6C6F6E67 		.ascii	"long long int\000"
 672      206C6F6E 
 672      6720696E 
 672      7400
ARM GAS  C:\Users\LOCALA~1\AppData\Local\Temp\ccL7BeHW.s 			page 14


 673              	.LASF11:
 674 019b 63686172 		.ascii	"char\000"
 674      00
 675              	.LASF2:
 676 01a0 73686F72 		.ascii	"short int\000"
 676      7420696E 
 676      7400
 677              	.LASF21:
 678 01aa 75696E74 		.ascii	"uint8\000"
 678      3800
 679              	.LASF4:
 680 01b0 6C6F6E67 		.ascii	"long int\000"
 680      20696E74 
 680      00
 681              	.LASF0:
 682 01b9 7369676E 		.ascii	"signed char\000"
 682      65642063 
 682      68617200 
 683              	.LASF19:
 684 01c5 47656E65 		.ascii	"Generated_Source\\PSoC5\\cymetadata.c\000"
 684      72617465 
 684      645F536F 
 684      75726365 
 684      5C50536F 
 685              		.ident	"GCC: (GNU Tools for ARM Embedded Processors) 4.9.3 20150303 (release) [ARM/embedded-4_9-br
