ARM GAS  C:\Users\LOCALA~1\AppData\Local\Temp\ccF4K6Wx.s 			page 1


   1              		.syntax unified
   2              		.cpu cortex-m3
   3              		.fpu softvfp
   4              		.eabi_attribute 20, 1
   5              		.eabi_attribute 21, 1
   6              		.eabi_attribute 23, 3
   7              		.eabi_attribute 24, 1
   8              		.eabi_attribute 25, 1
   9              		.eabi_attribute 26, 1
  10              		.eabi_attribute 30, 6
  11              		.eabi_attribute 34, 1
  12              		.eabi_attribute 18, 4
  13              		.thumb
  14              		.file	"main.c"
  15              		.text
  16              	.Ltext0:
  17              		.cfi_sections	.debug_frame
  18              		.comm	density,1,1
  19              		.comm	direction,1,1
  20              		.section	.text.Timer,"ax",%progbits
  21              		.align	2
  22              		.global	Timer
  23              		.thumb
  24              		.thumb_func
  25              		.type	Timer, %function
  26              	Timer:
  27              	.LFB63:
  28              		.file 1 "main.c"
   1:main.c        **** /*******************************************************************************
   2:main.c        **** * File Name: main.c
   3:main.c        **** *
   4:main.c        **** * Version: 1.0
   5:main.c        **** *
   6:main.c        **** * Description:
   7:main.c        **** *  This project demonstrates operation of the PrISM component.
   8:main.c        **** *  When the code is run, LEDs are blinking.
   9:main.c        **** *  PrISM configuration:
  10:main.c        **** *   Resolution: 8-bit
  11:main.c        **** *   PulseType0: Less Than or Equal
  12:main.c        **** *   PulseType1: Greater Than or Equal
  13:main.c        **** *  
  14:main.c        **** ********************************************************************************
  15:main.c        **** * Copyright 2012, Cypress Semiconductor Corporation. All rights reserved.
  16:main.c        **** * This software is owned by Cypress Semiconductor Corporation and is protected
  17:main.c        **** * by and subject to worldwide patent and copyright laws and treaties.
  18:main.c        **** * Therefore, you may use this software only as provided in the license agreement
  19:main.c        **** * accompanying the software package from which you obtained this software.
  20:main.c        **** * CYPRESS AND ITS SUPPLIERS MAKE NO WARRANTY OF ANY KIND, EXPRESS OR IMPLIED,
  21:main.c        **** * WITH REGARD TO THIS SOFTWARE, INCLUDING, BUT NOT LIMITED TO, NONINFRINGEMENT,
  22:main.c        **** * IMPLIED WARRANTIES OF MERCHANTABILITY AND FITNESS FOR A PARTICULAR PURPOSE.
  23:main.c        **** *******************************************************************************/
  24:main.c        **** 
  25:main.c        **** #include <project.h>
  26:main.c        **** 
  27:main.c        **** #define FORWARD   (1u)
  28:main.c        **** 
  29:main.c        **** uint8 density;
ARM GAS  C:\Users\LOCALA~1\AppData\Local\Temp\ccF4K6Wx.s 			page 2


  30:main.c        **** uint8 direction;
  31:main.c        **** 
  32:main.c        **** 
  33:main.c        **** /*******************************************************************************
  34:main.c        **** * Function Name: Sleep_Start
  35:main.c        **** ********************************************************************************
  36:main.c        **** *
  37:main.c        **** * Summary:
  38:main.c        **** *   Local Interrupt Service Routine for changing LED contrast.
  39:main.c        **** *******************************************************************************/
  40:main.c        **** CY_ISR(Timer)
  41:main.c        **** {
  29              		.loc 1 41 0
  30              		.cfi_startproc
  31              		@ args = 0, pretend = 0, frame = 0
  32              		@ frame_needed = 1, uses_anonymous_args = 0
  33 0000 80B5     		push	{r7, lr}
  34              		.cfi_def_cfa_offset 8
  35              		.cfi_offset 7, -8
  36              		.cfi_offset 14, -4
  37 0002 00AF     		add	r7, sp, #0
  38              		.cfi_def_cfa_register 7
  42:main.c        ****     /* flip direction at max and min points */
  43:main.c        ****     if((density == 0u) ||(density == 0xffu))
  39              		.loc 1 43 0
  40 0004 164B     		ldr	r3, .L6
  41 0006 1B78     		ldrb	r3, [r3]	@ zero_extendqisi2
  42 0008 002B     		cmp	r3, #0
  43 000a 03D0     		beq	.L2
  44              		.loc 1 43 0 is_stmt 0 discriminator 1
  45 000c 144B     		ldr	r3, .L6
  46 000e 1B78     		ldrb	r3, [r3]	@ zero_extendqisi2
  47 0010 FF2B     		cmp	r3, #255
  48 0012 06D1     		bne	.L3
  49              	.L2:
  44:main.c        ****     {
  45:main.c        ****         direction ^= FORWARD;
  50              		.loc 1 45 0 is_stmt 1
  51 0014 134B     		ldr	r3, .L6+4
  52 0016 1B78     		ldrb	r3, [r3]	@ zero_extendqisi2
  53 0018 83F00103 		eor	r3, r3, #1
  54 001c DAB2     		uxtb	r2, r3
  55 001e 114B     		ldr	r3, .L6+4
  56 0020 1A70     		strb	r2, [r3]
  57              	.L3:
  46:main.c        ****     }
  47:main.c        ****     /* change density for the LEDs*/
  48:main.c        ****     if(direction & FORWARD)
  58              		.loc 1 48 0
  59 0022 104B     		ldr	r3, .L6+4
  60 0024 1B78     		ldrb	r3, [r3]	@ zero_extendqisi2
  61 0026 03F00103 		and	r3, r3, #1
  62 002a 002B     		cmp	r3, #0
  63 002c 06D0     		beq	.L4
  49:main.c        ****     {
  50:main.c        ****         density++;
  64              		.loc 1 50 0
ARM GAS  C:\Users\LOCALA~1\AppData\Local\Temp\ccF4K6Wx.s 			page 3


  65 002e 0C4B     		ldr	r3, .L6
  66 0030 1B78     		ldrb	r3, [r3]	@ zero_extendqisi2
  67 0032 0133     		adds	r3, r3, #1
  68 0034 DAB2     		uxtb	r2, r3
  69 0036 0A4B     		ldr	r3, .L6
  70 0038 1A70     		strb	r2, [r3]
  71 003a 05E0     		b	.L5
  72              	.L4:
  51:main.c        ****     }
  52:main.c        ****     else
  53:main.c        ****     {
  54:main.c        ****         density--;
  73              		.loc 1 54 0
  74 003c 084B     		ldr	r3, .L6
  75 003e 1B78     		ldrb	r3, [r3]	@ zero_extendqisi2
  76 0040 013B     		subs	r3, r3, #1
  77 0042 DAB2     		uxtb	r2, r3
  78 0044 064B     		ldr	r3, .L6
  79 0046 1A70     		strb	r2, [r3]
  80              	.L5:
  55:main.c        ****     }
  56:main.c        ****     /* overwrite density to PrISM registers */
  57:main.c        ****     PrISM_1_WritePulse0(density);
  81              		.loc 1 57 0
  82 0048 054B     		ldr	r3, .L6
  83 004a 1B78     		ldrb	r3, [r3]	@ zero_extendqisi2
  84 004c 1846     		mov	r0, r3
  85 004e FFF7FEFF 		bl	PrISM_1_WritePulse0
  58:main.c        ****     PrISM_1_WritePulse1(density);
  86              		.loc 1 58 0
  87 0052 034B     		ldr	r3, .L6
  88 0054 1B78     		ldrb	r3, [r3]	@ zero_extendqisi2
  89 0056 1846     		mov	r0, r3
  90 0058 FFF7FEFF 		bl	PrISM_1_WritePulse1
  59:main.c        **** }
  91              		.loc 1 59 0
  92 005c 80BD     		pop	{r7, pc}
  93              	.L7:
  94 005e 00BF     		.align	2
  95              	.L6:
  96 0060 00000000 		.word	density
  97 0064 00000000 		.word	direction
  98              		.cfi_endproc
  99              	.LFE63:
 100              		.size	Timer, .-Timer
 101              		.section	.text.main,"ax",%progbits
 102              		.align	2
 103              		.global	main
 104              		.thumb
 105              		.thumb_func
 106              		.type	main, %function
 107              	main:
 108              	.LFB64:
  60:main.c        **** 
  61:main.c        **** 
  62:main.c        **** int main()
  63:main.c        **** {
ARM GAS  C:\Users\LOCALA~1\AppData\Local\Temp\ccF4K6Wx.s 			page 4


 109              		.loc 1 63 0
 110              		.cfi_startproc
 111              		@ args = 0, pretend = 0, frame = 0
 112              		@ frame_needed = 1, uses_anonymous_args = 0
 113 0000 80B5     		push	{r7, lr}
 114              		.cfi_def_cfa_offset 8
 115              		.cfi_offset 7, -8
 116              		.cfi_offset 14, -4
 117 0002 00AF     		add	r7, sp, #0
 118              		.cfi_def_cfa_register 7
  64:main.c        ****     /* Init ISR connected to the TC pin for change LED contrast */
  65:main.c        ****     isr_Timer_StartEx(Timer);
 119              		.loc 1 65 0
 120 0004 0348     		ldr	r0, .L10
 121 0006 FFF7FEFF 		bl	isr_Timer_StartEx
  66:main.c        ****     
  67:main.c        ****     /* Start PrISM */
  68:main.c        ****     PrISM_1_Start();
 122              		.loc 1 68 0
 123 000a FFF7FEFF 		bl	PrISM_1_Start
  69:main.c        **** 
  70:main.c        ****     /* Enable Global Interrupts */
  71:main.c        ****     CyGlobalIntEnable;
 124              		.loc 1 71 0
 125              	@ 71 "main.c" 1
 126 000e 62B6     		CPSIE   i
 127              	@ 0 "" 2
 128              		.thumb
 129              	.L9:
  72:main.c        ****     
  73:main.c        ****     /* No work has to be done in main loop */
  74:main.c        ****     while(1u);
 130              		.loc 1 74 0 discriminator 1
 131 0010 FEE7     		b	.L9
 132              	.L11:
 133 0012 00BF     		.align	2
 134              	.L10:
 135 0014 00000000 		.word	Timer
 136              		.cfi_endproc
 137              	.LFE64:
 138              		.size	main, .-main
 139              		.text
 140              	.Letext0:
 141              		.file 2 "c:\\program files (x86)\\cypress\\psoc creator\\4.0\\psoc creator\\import\\gnu\\arm\\4.9.
 142              		.file 3 "c:\\program files (x86)\\cypress\\psoc creator\\4.0\\psoc creator\\import\\gnu\\arm\\4.9.
 143              		.file 4 "Generated_Source\\PSoC5/cytypes.h"
 144              		.file 5 "Generated_Source\\PSoC5/core_cm3.h"
 145              		.section	.debug_info,"",%progbits
 146              	.Ldebug_info0:
 147 0000 FF000000 		.4byte	0xff
 148 0004 0400     		.2byte	0x4
 149 0006 00000000 		.4byte	.Ldebug_abbrev0
 150 000a 04       		.byte	0x4
 151 000b 01       		.uleb128 0x1
 152 000c 8D000000 		.4byte	.LASF21
 153 0010 01       		.byte	0x1
 154 0011 36000000 		.4byte	.LASF22
ARM GAS  C:\Users\LOCALA~1\AppData\Local\Temp\ccF4K6Wx.s 			page 5


 155 0015 2C010000 		.4byte	.LASF23
 156 0019 00000000 		.4byte	.Ldebug_ranges0+0
 157 001d 00000000 		.4byte	0
 158 0021 00000000 		.4byte	.Ldebug_line0
 159 0025 02       		.uleb128 0x2
 160 0026 01       		.byte	0x1
 161 0027 06       		.byte	0x6
 162 0028 83010000 		.4byte	.LASF0
 163 002c 02       		.uleb128 0x2
 164 002d 01       		.byte	0x1
 165 002e 08       		.byte	0x8
 166 002f 71000000 		.4byte	.LASF1
 167 0033 02       		.uleb128 0x2
 168 0034 02       		.byte	0x2
 169 0035 05       		.byte	0x5
 170 0036 9F010000 		.4byte	.LASF2
 171 003a 02       		.uleb128 0x2
 172 003b 02       		.byte	0x2
 173 003c 07       		.byte	0x7
 174 003d 0E000000 		.4byte	.LASF3
 175 0041 03       		.uleb128 0x3
 176 0042 8F010000 		.4byte	.LASF9
 177 0046 02       		.byte	0x2
 178 0047 3F       		.byte	0x3f
 179 0048 4C000000 		.4byte	0x4c
 180 004c 02       		.uleb128 0x2
 181 004d 04       		.byte	0x4
 182 004e 05       		.byte	0x5
 183 004f 84000000 		.4byte	.LASF4
 184 0053 02       		.uleb128 0x2
 185 0054 04       		.byte	0x4
 186 0055 07       		.byte	0x7
 187 0056 48000000 		.4byte	.LASF5
 188 005a 02       		.uleb128 0x2
 189 005b 08       		.byte	0x8
 190 005c 05       		.byte	0x5
 191 005d 00000000 		.4byte	.LASF6
 192 0061 02       		.uleb128 0x2
 193 0062 08       		.byte	0x8
 194 0063 07       		.byte	0x7
 195 0064 5A000000 		.4byte	.LASF7
 196 0068 04       		.uleb128 0x4
 197 0069 04       		.byte	0x4
 198 006a 05       		.byte	0x5
 199 006b 696E7400 		.ascii	"int\000"
 200 006f 02       		.uleb128 0x2
 201 0070 04       		.byte	0x4
 202 0071 07       		.byte	0x7
 203 0072 29000000 		.4byte	.LASF8
 204 0076 03       		.uleb128 0x3
 205 0077 A9010000 		.4byte	.LASF10
 206 007b 03       		.byte	0x3
 207 007c 2C       		.byte	0x2c
 208 007d 41000000 		.4byte	0x41
 209 0081 05       		.uleb128 0x5
 210 0082 42000000 		.4byte	.LASF11
 211 0086 04       		.byte	0x4
ARM GAS  C:\Users\LOCALA~1\AppData\Local\Temp\ccF4K6Wx.s 			page 6


 212 0087 9201     		.2byte	0x192
 213 0089 2C000000 		.4byte	0x2c
 214 008d 02       		.uleb128 0x2
 215 008e 04       		.byte	0x4
 216 008f 04       		.byte	0x4
 217 0090 99010000 		.4byte	.LASF12
 218 0094 02       		.uleb128 0x2
 219 0095 08       		.byte	0x8
 220 0096 04       		.byte	0x4
 221 0097 1B010000 		.4byte	.LASF13
 222 009b 02       		.uleb128 0x2
 223 009c 01       		.byte	0x1
 224 009d 08       		.byte	0x8
 225 009e 7F000000 		.4byte	.LASF14
 226 00a2 02       		.uleb128 0x2
 227 00a3 04       		.byte	0x4
 228 00a4 07       		.byte	0x7
 229 00a5 6D010000 		.4byte	.LASF15
 230 00a9 06       		.uleb128 0x6
 231 00aa B1010000 		.4byte	.LASF16
 232 00ae 01       		.byte	0x1
 233 00af 28       		.byte	0x28
 234 00b0 00000000 		.4byte	.LFB63
 235 00b4 68000000 		.4byte	.LFE63-.LFB63
 236 00b8 01       		.uleb128 0x1
 237 00b9 9C       		.byte	0x9c
 238 00ba 07       		.uleb128 0x7
 239 00bb 3D000000 		.4byte	.LASF17
 240 00bf 01       		.byte	0x1
 241 00c0 3E       		.byte	0x3e
 242 00c1 68000000 		.4byte	0x68
 243 00c5 00000000 		.4byte	.LFB64
 244 00c9 18000000 		.4byte	.LFE64-.LFB64
 245 00cd 01       		.uleb128 0x1
 246 00ce 9C       		.byte	0x9c
 247 00cf 08       		.uleb128 0x8
 248 00d0 76010000 		.4byte	.LASF18
 249 00d4 05       		.byte	0x5
 250 00d5 9606     		.2byte	0x696
 251 00d7 DB000000 		.4byte	0xdb
 252 00db 09       		.uleb128 0x9
 253 00dc 76000000 		.4byte	0x76
 254 00e0 0A       		.uleb128 0xa
 255 00e1 21000000 		.4byte	.LASF19
 256 00e5 01       		.byte	0x1
 257 00e6 1D       		.byte	0x1d
 258 00e7 81000000 		.4byte	0x81
 259 00eb 05       		.uleb128 0x5
 260 00ec 03       		.byte	0x3
 261 00ed 00000000 		.4byte	density
 262 00f1 0A       		.uleb128 0xa
 263 00f2 22010000 		.4byte	.LASF20
 264 00f6 01       		.byte	0x1
 265 00f7 1E       		.byte	0x1e
 266 00f8 81000000 		.4byte	0x81
 267 00fc 05       		.uleb128 0x5
 268 00fd 03       		.byte	0x3
ARM GAS  C:\Users\LOCALA~1\AppData\Local\Temp\ccF4K6Wx.s 			page 7


 269 00fe 00000000 		.4byte	direction
 270 0102 00       		.byte	0
 271              		.section	.debug_abbrev,"",%progbits
 272              	.Ldebug_abbrev0:
 273 0000 01       		.uleb128 0x1
 274 0001 11       		.uleb128 0x11
 275 0002 01       		.byte	0x1
 276 0003 25       		.uleb128 0x25
 277 0004 0E       		.uleb128 0xe
 278 0005 13       		.uleb128 0x13
 279 0006 0B       		.uleb128 0xb
 280 0007 03       		.uleb128 0x3
 281 0008 0E       		.uleb128 0xe
 282 0009 1B       		.uleb128 0x1b
 283 000a 0E       		.uleb128 0xe
 284 000b 55       		.uleb128 0x55
 285 000c 17       		.uleb128 0x17
 286 000d 11       		.uleb128 0x11
 287 000e 01       		.uleb128 0x1
 288 000f 10       		.uleb128 0x10
 289 0010 17       		.uleb128 0x17
 290 0011 00       		.byte	0
 291 0012 00       		.byte	0
 292 0013 02       		.uleb128 0x2
 293 0014 24       		.uleb128 0x24
 294 0015 00       		.byte	0
 295 0016 0B       		.uleb128 0xb
 296 0017 0B       		.uleb128 0xb
 297 0018 3E       		.uleb128 0x3e
 298 0019 0B       		.uleb128 0xb
 299 001a 03       		.uleb128 0x3
 300 001b 0E       		.uleb128 0xe
 301 001c 00       		.byte	0
 302 001d 00       		.byte	0
 303 001e 03       		.uleb128 0x3
 304 001f 16       		.uleb128 0x16
 305 0020 00       		.byte	0
 306 0021 03       		.uleb128 0x3
 307 0022 0E       		.uleb128 0xe
 308 0023 3A       		.uleb128 0x3a
 309 0024 0B       		.uleb128 0xb
 310 0025 3B       		.uleb128 0x3b
 311 0026 0B       		.uleb128 0xb
 312 0027 49       		.uleb128 0x49
 313 0028 13       		.uleb128 0x13
 314 0029 00       		.byte	0
 315 002a 00       		.byte	0
 316 002b 04       		.uleb128 0x4
 317 002c 24       		.uleb128 0x24
 318 002d 00       		.byte	0
 319 002e 0B       		.uleb128 0xb
 320 002f 0B       		.uleb128 0xb
 321 0030 3E       		.uleb128 0x3e
 322 0031 0B       		.uleb128 0xb
 323 0032 03       		.uleb128 0x3
 324 0033 08       		.uleb128 0x8
 325 0034 00       		.byte	0
ARM GAS  C:\Users\LOCALA~1\AppData\Local\Temp\ccF4K6Wx.s 			page 8


 326 0035 00       		.byte	0
 327 0036 05       		.uleb128 0x5
 328 0037 16       		.uleb128 0x16
 329 0038 00       		.byte	0
 330 0039 03       		.uleb128 0x3
 331 003a 0E       		.uleb128 0xe
 332 003b 3A       		.uleb128 0x3a
 333 003c 0B       		.uleb128 0xb
 334 003d 3B       		.uleb128 0x3b
 335 003e 05       		.uleb128 0x5
 336 003f 49       		.uleb128 0x49
 337 0040 13       		.uleb128 0x13
 338 0041 00       		.byte	0
 339 0042 00       		.byte	0
 340 0043 06       		.uleb128 0x6
 341 0044 2E       		.uleb128 0x2e
 342 0045 00       		.byte	0
 343 0046 3F       		.uleb128 0x3f
 344 0047 19       		.uleb128 0x19
 345 0048 03       		.uleb128 0x3
 346 0049 0E       		.uleb128 0xe
 347 004a 3A       		.uleb128 0x3a
 348 004b 0B       		.uleb128 0xb
 349 004c 3B       		.uleb128 0x3b
 350 004d 0B       		.uleb128 0xb
 351 004e 27       		.uleb128 0x27
 352 004f 19       		.uleb128 0x19
 353 0050 11       		.uleb128 0x11
 354 0051 01       		.uleb128 0x1
 355 0052 12       		.uleb128 0x12
 356 0053 06       		.uleb128 0x6
 357 0054 40       		.uleb128 0x40
 358 0055 18       		.uleb128 0x18
 359 0056 9642     		.uleb128 0x2116
 360 0058 19       		.uleb128 0x19
 361 0059 00       		.byte	0
 362 005a 00       		.byte	0
 363 005b 07       		.uleb128 0x7
 364 005c 2E       		.uleb128 0x2e
 365 005d 00       		.byte	0
 366 005e 3F       		.uleb128 0x3f
 367 005f 19       		.uleb128 0x19
 368 0060 03       		.uleb128 0x3
 369 0061 0E       		.uleb128 0xe
 370 0062 3A       		.uleb128 0x3a
 371 0063 0B       		.uleb128 0xb
 372 0064 3B       		.uleb128 0x3b
 373 0065 0B       		.uleb128 0xb
 374 0066 49       		.uleb128 0x49
 375 0067 13       		.uleb128 0x13
 376 0068 11       		.uleb128 0x11
 377 0069 01       		.uleb128 0x1
 378 006a 12       		.uleb128 0x12
 379 006b 06       		.uleb128 0x6
 380 006c 40       		.uleb128 0x40
 381 006d 18       		.uleb128 0x18
 382 006e 9642     		.uleb128 0x2116
ARM GAS  C:\Users\LOCALA~1\AppData\Local\Temp\ccF4K6Wx.s 			page 9


 383 0070 19       		.uleb128 0x19
 384 0071 00       		.byte	0
 385 0072 00       		.byte	0
 386 0073 08       		.uleb128 0x8
 387 0074 34       		.uleb128 0x34
 388 0075 00       		.byte	0
 389 0076 03       		.uleb128 0x3
 390 0077 0E       		.uleb128 0xe
 391 0078 3A       		.uleb128 0x3a
 392 0079 0B       		.uleb128 0xb
 393 007a 3B       		.uleb128 0x3b
 394 007b 05       		.uleb128 0x5
 395 007c 49       		.uleb128 0x49
 396 007d 13       		.uleb128 0x13
 397 007e 3F       		.uleb128 0x3f
 398 007f 19       		.uleb128 0x19
 399 0080 3C       		.uleb128 0x3c
 400 0081 19       		.uleb128 0x19
 401 0082 00       		.byte	0
 402 0083 00       		.byte	0
 403 0084 09       		.uleb128 0x9
 404 0085 35       		.uleb128 0x35
 405 0086 00       		.byte	0
 406 0087 49       		.uleb128 0x49
 407 0088 13       		.uleb128 0x13
 408 0089 00       		.byte	0
 409 008a 00       		.byte	0
 410 008b 0A       		.uleb128 0xa
 411 008c 34       		.uleb128 0x34
 412 008d 00       		.byte	0
 413 008e 03       		.uleb128 0x3
 414 008f 0E       		.uleb128 0xe
 415 0090 3A       		.uleb128 0x3a
 416 0091 0B       		.uleb128 0xb
 417 0092 3B       		.uleb128 0x3b
 418 0093 0B       		.uleb128 0xb
 419 0094 49       		.uleb128 0x49
 420 0095 13       		.uleb128 0x13
 421 0096 3F       		.uleb128 0x3f
 422 0097 19       		.uleb128 0x19
 423 0098 02       		.uleb128 0x2
 424 0099 18       		.uleb128 0x18
 425 009a 00       		.byte	0
 426 009b 00       		.byte	0
 427 009c 00       		.byte	0
 428              		.section	.debug_aranges,"",%progbits
 429 0000 24000000 		.4byte	0x24
 430 0004 0200     		.2byte	0x2
 431 0006 00000000 		.4byte	.Ldebug_info0
 432 000a 04       		.byte	0x4
 433 000b 00       		.byte	0
 434 000c 0000     		.2byte	0
 435 000e 0000     		.2byte	0
 436 0010 00000000 		.4byte	.LFB63
 437 0014 68000000 		.4byte	.LFE63-.LFB63
 438 0018 00000000 		.4byte	.LFB64
 439 001c 18000000 		.4byte	.LFE64-.LFB64
ARM GAS  C:\Users\LOCALA~1\AppData\Local\Temp\ccF4K6Wx.s 			page 10


 440 0020 00000000 		.4byte	0
 441 0024 00000000 		.4byte	0
 442              		.section	.debug_ranges,"",%progbits
 443              	.Ldebug_ranges0:
 444 0000 00000000 		.4byte	.LFB63
 445 0004 68000000 		.4byte	.LFE63
 446 0008 00000000 		.4byte	.LFB64
 447 000c 18000000 		.4byte	.LFE64
 448 0010 00000000 		.4byte	0
 449 0014 00000000 		.4byte	0
 450              		.section	.debug_line,"",%progbits
 451              	.Ldebug_line0:
 452 0000 82010000 		.section	.debug_str,"MS",%progbits,1
 452      02004701 
 452      00000201 
 452      FB0E0D00 
 452      01010101 
 453              	.LASF6:
 454 0000 6C6F6E67 		.ascii	"long long int\000"
 454      206C6F6E 
 454      6720696E 
 454      7400
 455              	.LASF3:
 456 000e 73686F72 		.ascii	"short unsigned int\000"
 456      7420756E 
 456      7369676E 
 456      65642069 
 456      6E7400
 457              	.LASF19:
 458 0021 64656E73 		.ascii	"density\000"
 458      69747900 
 459              	.LASF8:
 460 0029 756E7369 		.ascii	"unsigned int\000"
 460      676E6564 
 460      20696E74 
 460      00
 461              	.LASF22:
 462 0036 6D61696E 		.ascii	"main.c\000"
 462      2E6300
 463              	.LASF17:
 464 003d 6D61696E 		.ascii	"main\000"
 464      00
 465              	.LASF11:
 466 0042 75696E74 		.ascii	"uint8\000"
 466      3800
 467              	.LASF5:
 468 0048 6C6F6E67 		.ascii	"long unsigned int\000"
 468      20756E73 
 468      69676E65 
 468      6420696E 
 468      7400
 469              	.LASF7:
 470 005a 6C6F6E67 		.ascii	"long long unsigned int\000"
 470      206C6F6E 
 470      6720756E 
 470      7369676E 
 470      65642069 
ARM GAS  C:\Users\LOCALA~1\AppData\Local\Temp\ccF4K6Wx.s 			page 11


 471              	.LASF1:
 472 0071 756E7369 		.ascii	"unsigned char\000"
 472      676E6564 
 472      20636861 
 472      7200
 473              	.LASF14:
 474 007f 63686172 		.ascii	"char\000"
 474      00
 475              	.LASF4:
 476 0084 6C6F6E67 		.ascii	"long int\000"
 476      20696E74 
 476      00
 477              	.LASF21:
 478 008d 474E5520 		.ascii	"GNU C 4.9.3 20150303 (release) [ARM/embedded-4_9-br"
 478      4320342E 
 478      392E3320 
 478      32303135 
 478      30333033 
 479 00c0 616E6368 		.ascii	"anch revision 221220] -mcpu=cortex-m3 -mthumb -g -O"
 479      20726576 
 479      6973696F 
 479      6E203232 
 479      31323230 
 480 00f3 30202D66 		.ascii	"0 -ffunction-sections -ffat-lto-objects\000"
 480      66756E63 
 480      74696F6E 
 480      2D736563 
 480      74696F6E 
 481              	.LASF13:
 482 011b 646F7562 		.ascii	"double\000"
 482      6C6500
 483              	.LASF20:
 484 0122 64697265 		.ascii	"direction\000"
 484      6374696F 
 484      6E00
 485              	.LASF23:
 486 012c 433A5C55 		.ascii	"C:\\Users\\localadmin\\Documents\\GitHub\\LEDflicke"
 486      73657273 
 486      5C6C6F63 
 486      616C6164 
 486      6D696E5C 
 487 015a 725C4C45 		.ascii	"r\\LEDflicker.cydsn\000"
 487      44666C69 
 487      636B6572 
 487      2E637964 
 487      736E00
 488              	.LASF15:
 489 016d 73697A65 		.ascii	"sizetype\000"
 489      74797065 
 489      00
 490              	.LASF18:
 491 0176 49544D5F 		.ascii	"ITM_RxBuffer\000"
 491      52784275 
 491      66666572 
 491      00
 492              	.LASF0:
 493 0183 7369676E 		.ascii	"signed char\000"
ARM GAS  C:\Users\LOCALA~1\AppData\Local\Temp\ccF4K6Wx.s 			page 12


 493      65642063 
 493      68617200 
 494              	.LASF9:
 495 018f 5F5F696E 		.ascii	"__int32_t\000"
 495      7433325F 
 495      7400
 496              	.LASF12:
 497 0199 666C6F61 		.ascii	"float\000"
 497      7400
 498              	.LASF2:
 499 019f 73686F72 		.ascii	"short int\000"
 499      7420696E 
 499      7400
 500              	.LASF10:
 501 01a9 696E7433 		.ascii	"int32_t\000"
 501      325F7400 
 502              	.LASF16:
 503 01b1 54696D65 		.ascii	"Timer\000"
 503      7200
 504              		.ident	"GCC: (GNU Tools for ARM Embedded Processors) 4.9.3 20150303 (release) [ARM/embedded-4_9-br
